<?xml version="1.0" encoding="UTF-8"?>
<testsuite xmlns:xsi="http://www.w3.org/2001/XMLSchema-instance" xsi:noNamespaceSchemaLocation="https://maven.apache.org/surefire/maven-surefire-plugin/xsd/surefire-test-report.xsd" name="com.businesskeeper.forex.ForexApplicationTests" time="6.414" tests="1" errors="0" skipped="0" failures="0">
  <properties>
    <property name="java.specification.version" value="16"/>
    <property name="sun.jnu.encoding" value="UTF-8"/>
    <property name="java.class.path" value="/Users/sobhavsar/Downloads/forex-service-main/forex/target/test-classes:/Users/sobhavsar/Downloads/forex-service-main/forex/target/classes:/Users/sobhavsar/.m2/repository/org/springframework/boot/spring-boot-starter-web/2.4.4/spring-boot-starter-web-2.4.4.jar:/Users/sobhavsar/.m2/repository/org/springframework/boot/spring-boot-starter/2.4.4/spring-boot-starter-2.4.4.jar:/Users/sobhavsar/.m2/repository/org/springframework/boot/spring-boot-starter-logging/2.4.4/spring-boot-starter-logging-2.4.4.jar:/Users/sobhavsar/.m2/repository/ch/qos/logback/logback-classic/1.2.3/logback-classic-1.2.3.jar:/Users/sobhavsar/.m2/repository/ch/qos/logback/logback-core/1.2.3/logback-core-1.2.3.jar:/Users/sobhavsar/.m2/repository/org/apache/logging/log4j/log4j-to-slf4j/2.13.3/log4j-to-slf4j-2.13.3.jar:/Users/sobhavsar/.m2/repository/org/apache/logging/log4j/log4j-api/2.13.3/log4j-api-2.13.3.jar:/Users/sobhavsar/.m2/repository/org/slf4j/jul-to-slf4j/1.7.30/jul-to-slf4j-1.7.30.jar:/Users/sobhavsar/.m2/repository/jakarta/annotation/jakarta.annotation-api/1.3.5/jakarta.annotation-api-1.3.5.jar:/Users/sobhavsar/.m2/repository/org/yaml/snakeyaml/1.27/snakeyaml-1.27.jar:/Users/sobhavsar/.m2/repository/org/springframework/boot/spring-boot-starter-json/2.4.4/spring-boot-starter-json-2.4.4.jar:/Users/sobhavsar/.m2/repository/com/fasterxml/jackson/core/jackson-databind/2.11.4/jackson-databind-2.11.4.jar:/Users/sobhavsar/.m2/repository/com/fasterxml/jackson/core/jackson-annotations/2.11.4/jackson-annotations-2.11.4.jar:/Users/sobhavsar/.m2/repository/com/fasterxml/jackson/core/jackson-core/2.11.4/jackson-core-2.11.4.jar:/Users/sobhavsar/.m2/repository/com/fasterxml/jackson/datatype/jackson-datatype-jdk8/2.11.4/jackson-datatype-jdk8-2.11.4.jar:/Users/sobhavsar/.m2/repository/com/fasterxml/jackson/datatype/jackson-datatype-jsr310/2.11.4/jackson-datatype-jsr310-2.11.4.jar:/Users/sobhavsar/.m2/repository/com/fasterxml/jackson/module/jackson-module-parameter-names/2.11.4/jackson-module-parameter-names-2.11.4.jar:/Users/sobhavsar/.m2/repository/org/springframework/boot/spring-boot-starter-tomcat/2.4.4/spring-boot-starter-tomcat-2.4.4.jar:/Users/sobhavsar/.m2/repository/org/apache/tomcat/embed/tomcat-embed-core/9.0.44/tomcat-embed-core-9.0.44.jar:/Users/sobhavsar/.m2/repository/org/glassfish/jakarta.el/3.0.3/jakarta.el-3.0.3.jar:/Users/sobhavsar/.m2/repository/org/apache/tomcat/embed/tomcat-embed-websocket/9.0.44/tomcat-embed-websocket-9.0.44.jar:/Users/sobhavsar/.m2/repository/org/springframework/spring-web/5.3.5/spring-web-5.3.5.jar:/Users/sobhavsar/.m2/repository/org/springframework/spring-beans/5.3.5/spring-beans-5.3.5.jar:/Users/sobhavsar/.m2/repository/org/springframework/spring-webmvc/5.3.5/spring-webmvc-5.3.5.jar:/Users/sobhavsar/.m2/repository/org/springframework/spring-aop/5.3.5/spring-aop-5.3.5.jar:/Users/sobhavsar/.m2/repository/org/springframework/spring-context/5.3.5/spring-context-5.3.5.jar:/Users/sobhavsar/.m2/repository/org/springframework/spring-expression/5.3.5/spring-expression-5.3.5.jar:/Users/sobhavsar/.m2/repository/org/springframework/boot/spring-boot-starter-webflux/2.4.4/spring-boot-starter-webflux-2.4.4.jar:/Users/sobhavsar/.m2/repository/org/springframework/boot/spring-boot-starter-reactor-netty/2.4.4/spring-boot-starter-reactor-netty-2.4.4.jar:/Users/sobhavsar/.m2/repository/io/projectreactor/netty/reactor-netty-http/1.0.5/reactor-netty-http-1.0.5.jar:/Users/sobhavsar/.m2/repository/io/netty/netty-codec-http/4.1.60.Final/netty-codec-http-4.1.60.Final.jar:/Users/sobhavsar/.m2/repository/io/netty/netty-common/4.1.60.Final/netty-common-4.1.60.Final.jar:/Users/sobhavsar/.m2/repository/io/netty/netty-buffer/4.1.60.Final/netty-buffer-4.1.60.Final.jar:/Users/sobhavsar/.m2/repository/io/netty/netty-transport/4.1.60.Final/netty-transport-4.1.60.Final.jar:/Users/sobhavsar/.m2/repository/io/netty/netty-codec/4.1.60.Final/netty-codec-4.1.60.Final.jar:/Users/sobhavsar/.m2/repository/io/netty/netty-handler/4.1.60.Final/netty-handler-4.1.60.Final.jar:/Users/sobhavsar/.m2/repository/io/netty/netty-codec-http2/4.1.60.Final/netty-codec-http2-4.1.60.Final.jar:/Users/sobhavsar/.m2/repository/io/netty/netty-resolver-dns/4.1.60.Final/netty-resolver-dns-4.1.60.Final.jar:/Users/sobhavsar/.m2/repository/io/netty/netty-resolver/4.1.60.Final/netty-resolver-4.1.60.Final.jar:/Users/sobhavsar/.m2/repository/io/netty/netty-codec-dns/4.1.60.Final/netty-codec-dns-4.1.60.Final.jar:/Users/sobhavsar/.m2/repository/io/netty/netty-resolver-dns-native-macos/4.1.60.Final/netty-resolver-dns-native-macos-4.1.60.Final-osx-x86_64.jar:/Users/sobhavsar/.m2/repository/io/netty/netty-transport-native-unix-common/4.1.60.Final/netty-transport-native-unix-common-4.1.60.Final.jar:/Users/sobhavsar/.m2/repository/io/netty/netty-transport-native-epoll/4.1.60.Final/netty-transport-native-epoll-4.1.60.Final-linux-x86_64.jar:/Users/sobhavsar/.m2/repository/io/projectreactor/netty/reactor-netty-core/1.0.5/reactor-netty-core-1.0.5.jar:/Users/sobhavsar/.m2/repository/io/netty/netty-handler-proxy/4.1.60.Final/netty-handler-proxy-4.1.60.Final.jar:/Users/sobhavsar/.m2/repository/io/netty/netty-codec-socks/4.1.60.Final/netty-codec-socks-4.1.60.Final.jar:/Users/sobhavsar/.m2/repository/org/springframework/spring-webflux/5.3.5/spring-webflux-5.3.5.jar:/Users/sobhavsar/.m2/repository/org/springframework/boot/spring-boot-devtools/2.4.4/spring-boot-devtools-2.4.4.jar:/Users/sobhavsar/.m2/repository/org/springframework/boot/spring-boot/2.4.4/spring-boot-2.4.4.jar:/Users/sobhavsar/.m2/repository/org/springframework/boot/spring-boot-autoconfigure/2.4.4/spring-boot-autoconfigure-2.4.4.jar:/Users/sobhavsar/.m2/repository/com/google/code/gson/gson/2.8.6/gson-2.8.6.jar:/Users/sobhavsar/.m2/repository/org/springframework/boot/spring-boot-starter-test/2.4.4/spring-boot-starter-test-2.4.4.jar:/Users/sobhavsar/.m2/repository/org/springframework/boot/spring-boot-test/2.4.4/spring-boot-test-2.4.4.jar:/Users/sobhavsar/.m2/repository/org/springframework/boot/spring-boot-test-autoconfigure/2.4.4/spring-boot-test-autoconfigure-2.4.4.jar:/Users/sobhavsar/.m2/repository/com/jayway/jsonpath/json-path/2.4.0/json-path-2.4.0.jar:/Users/sobhavsar/.m2/repository/net/minidev/json-smart/2.3/json-smart-2.3.jar:/Users/sobhavsar/.m2/repository/net/minidev/accessors-smart/1.2/accessors-smart-1.2.jar:/Users/sobhavsar/.m2/repository/org/ow2/asm/asm/5.0.4/asm-5.0.4.jar:/Users/sobhavsar/.m2/repository/org/slf4j/slf4j-api/1.7.30/slf4j-api-1.7.30.jar:/Users/sobhavsar/.m2/repository/jakarta/xml/bind/jakarta.xml.bind-api/2.3.3/jakarta.xml.bind-api-2.3.3.jar:/Users/sobhavsar/.m2/repository/jakarta/activation/jakarta.activation-api/1.2.2/jakarta.activation-api-1.2.2.jar:/Users/sobhavsar/.m2/repository/org/assertj/assertj-core/3.18.1/assertj-core-3.18.1.jar:/Users/sobhavsar/.m2/repository/org/hamcrest/hamcrest/2.2/hamcrest-2.2.jar:/Users/sobhavsar/.m2/repository/org/junit/jupiter/junit-jupiter/5.7.1/junit-jupiter-5.7.1.jar:/Users/sobhavsar/.m2/repository/org/junit/jupiter/junit-jupiter-api/5.7.1/junit-jupiter-api-5.7.1.jar:/Users/sobhavsar/.m2/repository/org/apiguardian/apiguardian-api/1.1.0/apiguardian-api-1.1.0.jar:/Users/sobhavsar/.m2/repository/org/opentest4j/opentest4j/1.2.0/opentest4j-1.2.0.jar:/Users/sobhavsar/.m2/repository/org/junit/platform/junit-platform-commons/1.7.1/junit-platform-commons-1.7.1.jar:/Users/sobhavsar/.m2/repository/org/junit/jupiter/junit-jupiter-params/5.7.1/junit-jupiter-params-5.7.1.jar:/Users/sobhavsar/.m2/repository/org/junit/jupiter/junit-jupiter-engine/5.7.1/junit-jupiter-engine-5.7.1.jar:/Users/sobhavsar/.m2/repository/org/junit/platform/junit-platform-engine/1.7.1/junit-platform-engine-1.7.1.jar:/Users/sobhavsar/.m2/repository/org/mockito/mockito-core/3.6.28/mockito-core-3.6.28.jar:/Users/sobhavsar/.m2/repository/net/bytebuddy/byte-buddy/1.10.22/byte-buddy-1.10.22.jar:/Users/sobhavsar/.m2/repository/net/bytebuddy/byte-buddy-agent/1.10.22/byte-buddy-agent-1.10.22.jar:/Users/sobhavsar/.m2/repository/org/objenesis/objenesis/3.1/objenesis-3.1.jar:/Users/sobhavsar/.m2/repository/org/mockito/mockito-junit-jupiter/3.6.28/mockito-junit-jupiter-3.6.28.jar:/Users/sobhavsar/.m2/repository/org/skyscreamer/jsonassert/1.5.0/jsonassert-1.5.0.jar:/Users/sobhavsar/.m2/repository/com/vaadin/external/google/android-json/0.0.20131108.vaadin1/android-json-0.0.20131108.vaadin1.jar:/Users/sobhavsar/.m2/repository/org/springframework/spring-core/5.3.5/spring-core-5.3.5.jar:/Users/sobhavsar/.m2/repository/org/springframework/spring-jcl/5.3.5/spring-jcl-5.3.5.jar:/Users/sobhavsar/.m2/repository/org/springframework/spring-test/5.3.5/spring-test-5.3.5.jar:/Users/sobhavsar/.m2/repository/org/xmlunit/xmlunit-core/2.7.0/xmlunit-core-2.7.0.jar:/Users/sobhavsar/.m2/repository/io/projectreactor/reactor-test/3.4.4/reactor-test-3.4.4.jar:/Users/sobhavsar/.m2/repository/io/projectreactor/reactor-core/3.4.4/reactor-core-3.4.4.jar:/Users/sobhavsar/.m2/repository/org/reactivestreams/reactive-streams/1.0.3/reactive-streams-1.0.3.jar:"/>
    <property name="java.vm.vendor" value="Oracle Corporation"/>
    <property name="sun.arch.data.model" value="64"/>
    <property name="java.vendor.url" value="https://java.oracle.com/"/>
    <property name="os.name" value="Mac OS X"/>
    <property name="java.vm.specification.version" value="16"/>
    <property name="sun.java.launcher" value="SUN_STANDARD"/>
    <property name="user.country" value="IN"/>
    <property name="sun.boot.library.path" value="/Applications/SpringToolSuite4.app/Contents/Eclipse/plugins/org.eclipse.justj.openjdk.hotspot.jre.full.macosx.x86_64_16.0.1.v20210528-1205/jre/lib"/>
    <property name="sun.java.command" value="/Users/sobhavsar/Downloads/forex-service-main/forex/target/surefire/surefirebooter8259768610356963879.jar /Users/sobhavsar/Downloads/forex-service-main/forex/target/surefire 2021-06-29T14-20-28_205-jvmRun1 surefire15717667550718037tmp surefire_017867306678306427553tmp"/>
    <property name="jdk.debug" value="release"/>
    <property name="surefire.test.class.path" value="/Users/sobhavsar/Downloads/forex-service-main/forex/target/test-classes:/Users/sobhavsar/Downloads/forex-service-main/forex/target/classes:/Users/sobhavsar/.m2/repository/org/springframework/boot/spring-boot-starter-web/2.4.4/spring-boot-starter-web-2.4.4.jar:/Users/sobhavsar/.m2/repository/org/springframework/boot/spring-boot-starter/2.4.4/spring-boot-starter-2.4.4.jar:/Users/sobhavsar/.m2/repository/org/springframework/boot/spring-boot-starter-logging/2.4.4/spring-boot-starter-logging-2.4.4.jar:/Users/sobhavsar/.m2/repository/ch/qos/logback/logback-classic/1.2.3/logback-classic-1.2.3.jar:/Users/sobhavsar/.m2/repository/ch/qos/logback/logback-core/1.2.3/logback-core-1.2.3.jar:/Users/sobhavsar/.m2/repository/org/apache/logging/log4j/log4j-to-slf4j/2.13.3/log4j-to-slf4j-2.13.3.jar:/Users/sobhavsar/.m2/repository/org/apache/logging/log4j/log4j-api/2.13.3/log4j-api-2.13.3.jar:/Users/sobhavsar/.m2/repository/org/slf4j/jul-to-slf4j/1.7.30/jul-to-slf4j-1.7.30.jar:/Users/sobhavsar/.m2/repository/jakarta/annotation/jakarta.annotation-api/1.3.5/jakarta.annotation-api-1.3.5.jar:/Users/sobhavsar/.m2/repository/org/yaml/snakeyaml/1.27/snakeyaml-1.27.jar:/Users/sobhavsar/.m2/repository/org/springframework/boot/spring-boot-starter-json/2.4.4/spring-boot-starter-json-2.4.4.jar:/Users/sobhavsar/.m2/repository/com/fasterxml/jackson/core/jackson-databind/2.11.4/jackson-databind-2.11.4.jar:/Users/sobhavsar/.m2/repository/com/fasterxml/jackson/core/jackson-annotations/2.11.4/jackson-annotations-2.11.4.jar:/Users/sobhavsar/.m2/repository/com/fasterxml/jackson/core/jackson-core/2.11.4/jackson-core-2.11.4.jar:/Users/sobhavsar/.m2/repository/com/fasterxml/jackson/datatype/jackson-datatype-jdk8/2.11.4/jackson-datatype-jdk8-2.11.4.jar:/Users/sobhavsar/.m2/repository/com/fasterxml/jackson/datatype/jackson-datatype-jsr310/2.11.4/jackson-datatype-jsr310-2.11.4.jar:/Users/sobhavsar/.m2/repository/com/fasterxml/jackson/module/jackson-module-parameter-names/2.11.4/jackson-module-parameter-names-2.11.4.jar:/Users/sobhavsar/.m2/repository/org/springframework/boot/spring-boot-starter-tomcat/2.4.4/spring-boot-starter-tomcat-2.4.4.jar:/Users/sobhavsar/.m2/repository/org/apache/tomcat/embed/tomcat-embed-core/9.0.44/tomcat-embed-core-9.0.44.jar:/Users/sobhavsar/.m2/repository/org/glassfish/jakarta.el/3.0.3/jakarta.el-3.0.3.jar:/Users/sobhavsar/.m2/repository/org/apache/tomcat/embed/tomcat-embed-websocket/9.0.44/tomcat-embed-websocket-9.0.44.jar:/Users/sobhavsar/.m2/repository/org/springframework/spring-web/5.3.5/spring-web-5.3.5.jar:/Users/sobhavsar/.m2/repository/org/springframework/spring-beans/5.3.5/spring-beans-5.3.5.jar:/Users/sobhavsar/.m2/repository/org/springframework/spring-webmvc/5.3.5/spring-webmvc-5.3.5.jar:/Users/sobhavsar/.m2/repository/org/springframework/spring-aop/5.3.5/spring-aop-5.3.5.jar:/Users/sobhavsar/.m2/repository/org/springframework/spring-context/5.3.5/spring-context-5.3.5.jar:/Users/sobhavsar/.m2/repository/org/springframework/spring-expression/5.3.5/spring-expression-5.3.5.jar:/Users/sobhavsar/.m2/repository/org/springframework/boot/spring-boot-starter-webflux/2.4.4/spring-boot-starter-webflux-2.4.4.jar:/Users/sobhavsar/.m2/repository/org/springframework/boot/spring-boot-starter-reactor-netty/2.4.4/spring-boot-starter-reactor-netty-2.4.4.jar:/Users/sobhavsar/.m2/repository/io/projectreactor/netty/reactor-netty-http/1.0.5/reactor-netty-http-1.0.5.jar:/Users/sobhavsar/.m2/repository/io/netty/netty-codec-http/4.1.60.Final/netty-codec-http-4.1.60.Final.jar:/Users/sobhavsar/.m2/repository/io/netty/netty-common/4.1.60.Final/netty-common-4.1.60.Final.jar:/Users/sobhavsar/.m2/repository/io/netty/netty-buffer/4.1.60.Final/netty-buffer-4.1.60.Final.jar:/Users/sobhavsar/.m2/repository/io/netty/netty-transport/4.1.60.Final/netty-transport-4.1.60.Final.jar:/Users/sobhavsar/.m2/repository/io/netty/netty-codec/4.1.60.Final/netty-codec-4.1.60.Final.jar:/Users/sobhavsar/.m2/repository/io/netty/netty-handler/4.1.60.Final/netty-handler-4.1.60.Final.jar:/Users/sobhavsar/.m2/repository/io/netty/netty-codec-http2/4.1.60.Final/netty-codec-http2-4.1.60.Final.jar:/Users/sobhavsar/.m2/repository/io/netty/netty-resolver-dns/4.1.60.Final/netty-resolver-dns-4.1.60.Final.jar:/Users/sobhavsar/.m2/repository/io/netty/netty-resolver/4.1.60.Final/netty-resolver-4.1.60.Final.jar:/Users/sobhavsar/.m2/repository/io/netty/netty-codec-dns/4.1.60.Final/netty-codec-dns-4.1.60.Final.jar:/Users/sobhavsar/.m2/repository/io/netty/netty-resolver-dns-native-macos/4.1.60.Final/netty-resolver-dns-native-macos-4.1.60.Final-osx-x86_64.jar:/Users/sobhavsar/.m2/repository/io/netty/netty-transport-native-unix-common/4.1.60.Final/netty-transport-native-unix-common-4.1.60.Final.jar:/Users/sobhavsar/.m2/repository/io/netty/netty-transport-native-epoll/4.1.60.Final/netty-transport-native-epoll-4.1.60.Final-linux-x86_64.jar:/Users/sobhavsar/.m2/repository/io/projectreactor/netty/reactor-netty-core/1.0.5/reactor-netty-core-1.0.5.jar:/Users/sobhavsar/.m2/repository/io/netty/netty-handler-proxy/4.1.60.Final/netty-handler-proxy-4.1.60.Final.jar:/Users/sobhavsar/.m2/repository/io/netty/netty-codec-socks/4.1.60.Final/netty-codec-socks-4.1.60.Final.jar:/Users/sobhavsar/.m2/repository/org/springframework/spring-webflux/5.3.5/spring-webflux-5.3.5.jar:/Users/sobhavsar/.m2/repository/org/springframework/boot/spring-boot-devtools/2.4.4/spring-boot-devtools-2.4.4.jar:/Users/sobhavsar/.m2/repository/org/springframework/boot/spring-boot/2.4.4/spring-boot-2.4.4.jar:/Users/sobhavsar/.m2/repository/org/springframework/boot/spring-boot-autoconfigure/2.4.4/spring-boot-autoconfigure-2.4.4.jar:/Users/sobhavsar/.m2/repository/com/google/code/gson/gson/2.8.6/gson-2.8.6.jar:/Users/sobhavsar/.m2/repository/org/springframework/boot/spring-boot-starter-test/2.4.4/spring-boot-starter-test-2.4.4.jar:/Users/sobhavsar/.m2/repository/org/springframework/boot/spring-boot-test/2.4.4/spring-boot-test-2.4.4.jar:/Users/sobhavsar/.m2/repository/org/springframework/boot/spring-boot-test-autoconfigure/2.4.4/spring-boot-test-autoconfigure-2.4.4.jar:/Users/sobhavsar/.m2/repository/com/jayway/jsonpath/json-path/2.4.0/json-path-2.4.0.jar:/Users/sobhavsar/.m2/repository/net/minidev/json-smart/2.3/json-smart-2.3.jar:/Users/sobhavsar/.m2/repository/net/minidev/accessors-smart/1.2/accessors-smart-1.2.jar:/Users/sobhavsar/.m2/repository/org/ow2/asm/asm/5.0.4/asm-5.0.4.jar:/Users/sobhavsar/.m2/repository/org/slf4j/slf4j-api/1.7.30/slf4j-api-1.7.30.jar:/Users/sobhavsar/.m2/repository/jakarta/xml/bind/jakarta.xml.bind-api/2.3.3/jakarta.xml.bind-api-2.3.3.jar:/Users/sobhavsar/.m2/repository/jakarta/activation/jakarta.activation-api/1.2.2/jakarta.activation-api-1.2.2.jar:/Users/sobhavsar/.m2/repository/org/assertj/assertj-core/3.18.1/assertj-core-3.18.1.jar:/Users/sobhavsar/.m2/repository/org/hamcrest/hamcrest/2.2/hamcrest-2.2.jar:/Users/sobhavsar/.m2/repository/org/junit/jupiter/junit-jupiter/5.7.1/junit-jupiter-5.7.1.jar:/Users/sobhavsar/.m2/repository/org/junit/jupiter/junit-jupiter-api/5.7.1/junit-jupiter-api-5.7.1.jar:/Users/sobhavsar/.m2/repository/org/apiguardian/apiguardian-api/1.1.0/apiguardian-api-1.1.0.jar:/Users/sobhavsar/.m2/repository/org/opentest4j/opentest4j/1.2.0/opentest4j-1.2.0.jar:/Users/sobhavsar/.m2/repository/org/junit/platform/junit-platform-commons/1.7.1/junit-platform-commons-1.7.1.jar:/Users/sobhavsar/.m2/repository/org/junit/jupiter/junit-jupiter-params/5.7.1/junit-jupiter-params-5.7.1.jar:/Users/sobhavsar/.m2/repository/org/junit/jupiter/junit-jupiter-engine/5.7.1/junit-jupiter-engine-5.7.1.jar:/Users/sobhavsar/.m2/repository/org/junit/platform/junit-platform-engine/1.7.1/junit-platform-engine-1.7.1.jar:/Users/sobhavsar/.m2/repository/org/mockito/mockito-core/3.6.28/mockito-core-3.6.28.jar:/Users/sobhavsar/.m2/repository/net/bytebuddy/byte-buddy/1.10.22/byte-buddy-1.10.22.jar:/Users/sobhavsar/.m2/repository/net/bytebuddy/byte-buddy-agent/1.10.22/byte-buddy-agent-1.10.22.jar:/Users/sobhavsar/.m2/repository/org/objenesis/objenesis/3.1/objenesis-3.1.jar:/Users/sobhavsar/.m2/repository/org/mockito/mockito-junit-jupiter/3.6.28/mockito-junit-jupiter-3.6.28.jar:/Users/sobhavsar/.m2/repository/org/skyscreamer/jsonassert/1.5.0/jsonassert-1.5.0.jar:/Users/sobhavsar/.m2/repository/com/vaadin/external/google/android-json/0.0.20131108.vaadin1/android-json-0.0.20131108.vaadin1.jar:/Users/sobhavsar/.m2/repository/org/springframework/spring-core/5.3.5/spring-core-5.3.5.jar:/Users/sobhavsar/.m2/repository/org/springframework/spring-jcl/5.3.5/spring-jcl-5.3.5.jar:/Users/sobhavsar/.m2/repository/org/springframework/spring-test/5.3.5/spring-test-5.3.5.jar:/Users/sobhavsar/.m2/repository/org/xmlunit/xmlunit-core/2.7.0/xmlunit-core-2.7.0.jar:/Users/sobhavsar/.m2/repository/io/projectreactor/reactor-test/3.4.4/reactor-test-3.4.4.jar:/Users/sobhavsar/.m2/repository/io/projectreactor/reactor-core/3.4.4/reactor-core-3.4.4.jar:/Users/sobhavsar/.m2/repository/org/reactivestreams/reactive-streams/1.0.3/reactive-streams-1.0.3.jar:"/>
    <property name="sun.cpu.endian" value="little"/>
    <property name="user.home" value="/Users/sobhavsar"/>
    <property name="user.language" value="en"/>
    <property name="java.specification.vendor" value="Oracle Corporation"/>
    <property name="java.version.date" value="2021-04-20"/>
    <property name="java.home" value="/Applications/SpringToolSuite4.app/Contents/Eclipse/plugins/org.eclipse.justj.openjdk.hotspot.jre.full.macosx.x86_64_16.0.1.v20210528-1205/jre"/>
    <property name="file.separator" value="/"/>
    <property name="style.color" value="always"/>
    <property name="basedir" value="/Users/sobhavsar/Downloads/forex-service-main/forex"/>
    <property name="java.vm.compressedOopsMode" value="Zero based"/>
    <property name="line.separator" value="&#10;"/>
    <property name="java.vm.specification.vendor" value="Oracle Corporation"/>
    <property name="java.specification.name" value="Java Platform API Specification"/>
    <property name="surefire.real.class.path" value="/Users/sobhavsar/Downloads/forex-service-main/forex/target/surefire/surefirebooter8259768610356963879.jar"/>
    <property name="sun.management.compiler" value="HotSpot 64-Bit Tiered Compilers"/>
    <property name="java.runtime.version" value="16.0.1+9-24"/>
    <property name="user.name" value="sobhavsar"/>
    <property name="path.separator" value=":"/>
    <property name="os.version" value="10.15.7"/>
    <property name="java.runtime.name" value="OpenJDK Runtime Environment"/>
    <property name="file.encoding" value="UTF-8"/>
    <property name="java.vm.name" value="OpenJDK 64-Bit Server VM"/>
    <property name="localRepository" value="/Users/sobhavsar/.m2/repository"/>
    <property name="java.vendor.url.bug" value="https://bugreport.java.com/bugreport/"/>
    <property name="java.io.tmpdir" value="/var/folders/tw/vvdhc31559n6_k28606dkhbc0000gq/T/"/>
    <property name="java.version" value="16.0.1"/>
    <property name="user.dir" value="/Users/sobhavsar/Downloads/forex-service-main/forex"/>
    <property name="os.arch" value="x86_64"/>
    <property name="java.vm.specification.name" value="Java Virtual Machine Specification"/>
    <property name="java.library.path" value="/Users/sobhavsar/Library/Java/Extensions:/Library/Java/Extensions:/Network/Library/Java/Extensions:/System/Library/Java/Extensions:/usr/lib/java:."/>
    <property name="java.vm.info" value="mixed mode"/>
    <property name="java.vendor" value="Oracle Corporation"/>
    <property name="java.vm.version" value="16.0.1+9-24"/>
    <property name="sun.io.unicode.encoding" value="UnicodeBig"/>
    <property name="java.class.version" value="60.0"/>
  </properties>
  <testcase name="contextLoads" classname="com.businesskeeper.forex.ForexApplicationTests" time="0.267"/>
</testsuite>